<?xml version="1.0" encoding="UTF-8"?>
<testng-results skipped="0" failed="0" ignored="0" total="1" passed="1">
  <reporter-output>
  </reporter-output>
  <suite name="MUVI Application Test Automation Test Suite" duration-ms="189508" started-at="2021-08-23T06:22:00Z" finished-at="2021-08-23T06:25:09Z">
    <groups>
    </groups>
    <test name="MUVI App Test Cases" duration-ms="189508" started-at="2021-08-23T06:22:00Z" finished-at="2021-08-23T06:25:09Z">
      <class name="com.muvi.qa.testcases.SignUpPageTest">
        <test-method status="PASS" signature="setUp()[pri:0, instance:com.muvi.qa.testcases.SignUpPageTest@26653222]" name="setUp" is-config="true" duration-ms="21607" started-at="2021-08-23T11:52:01Z" finished-at="2021-08-23T11:52:22Z">
          <reporter-output>
          </reporter-output>
        </test-method> <!-- setUp -->
        <test-method status="PASS" signature="SignUpMoviPage(java.lang.String, java.lang.String, java.lang.String, java.lang.String, java.lang.String, java.lang.String)[pri:1, instance:com.muvi.qa.testcases.SignUpPageTest@26653222]" name="SignUpMoviPage" duration-ms="161869" started-at="2021-08-23T11:52:22Z" data-provider="getMuviTestData" finished-at="2021-08-23T11:55:04Z">
          <params>
            <param index="0">
              <value>
                <![CDATA[John]]>
              </value>
            </param>
            <param index="1">
              <value>
                <![CDATA[Muvi]]>
              </value>
            </param>
            <param index="2">
              <value>
                <![CDATA[1234567890]]>
              </value>
            </param>
            <param index="3">
              <value>
                <![CDATA[Jaya@ABC.Com]]>
              </value>
            </param>
            <param index="4">
              <value>
                <![CDATA[Desktop#1]]>
              </value>
            </param>
            <param index="5">
              <value>
                <![CDATA[Jaya.muvi.com]]>
              </value>
            </param>
          </params>
          <reporter-output>
          </reporter-output>
        </test-method> <!-- SignUpMoviPage -->
        <test-method status="PASS" signature="tearDown()[pri:0, instance:com.muvi.qa.testcases.SignUpPageTest@26653222]" name="tearDown" is-config="true" duration-ms="5303" started-at="2021-08-23T11:55:04Z" finished-at="2021-08-23T11:55:09Z">
          <reporter-output>
          </reporter-output>
        </test-method> <!-- tearDown -->
      </class> <!-- com.muvi.qa.testcases.SignUpPageTest -->
    </test> <!-- MUVI App Test Cases -->
  </suite> <!-- MUVI Application Test Automation Test Suite -->
</testng-results>
